<?xml version="1.0" encoding="UTF-8"?>
<!-- Generated by org.testng.reporters.JUnitReportReporter -->
<testsuite hostname="admin-PC" name="com.api.testscripts.UpdatePartially" tests="1" failures="0" timestamp="24 Jun 2020 18:07:44 GMT" time="2.905" errors="0">
  <testcase name="checkPartialUpdate" time="2.905" classname="com.api.testscripts.UpdatePartially"/>
</testsuite> <!-- com.api.testscripts.UpdatePartially -->
