<?xml version="1.0" encoding="UTF-8"?>
<!-- Generated by org.testng.reporters.JUnitReportReporter -->
<testsuite hostname="admin-PC" name="practiceRestAssured.FetchDataFromPostApi" tests="1" failures="0" timestamp="9 Jun 2020 18:11:33 GMT" time="2.253" errors="0">
  <testcase name="getDataRequest" time="2.253" classname="practiceRestAssured.FetchDataFromPostApi"/>
</testsuite> <!-- practiceRestAssured.FetchDataFromPostApi -->
