<?xml version="1.0" encoding="UTF-8"?>
<!-- Generated by org.testng.reporters.JUnitReportReporter -->
<testsuite hostname="admin-PC" name="com.api.testscripts.CreateNewResource" tests="1" failures="0" timestamp="24 Jun 2020 17:44:29 GMT" time="3.287" errors="0">
  <testcase name="checkCreateNewResource" time="3.287" classname="com.api.testscripts.CreateNewResource"/>
</testsuite> <!-- com.api.testscripts.CreateNewResource -->
