<?xml version="1.0" encoding="UTF-8"?>
<!-- Generated by org.testng.reporters.JUnitReportReporter -->
<testsuite hostname="admin-PC" name="practiceRestAssured.removeDataFromPostsApi" tests="1" failures="0" timestamp="13 Jun 2020 03:08:23 GMT" time="3.451" errors="0">
  <testcase name="removeData" time="3.451" classname="practiceRestAssured.removeDataFromPostsApi"/>
</testsuite> <!-- practiceRestAssured.removeDataFromPostsApi -->
