<?xml version="1.0" encoding="UTF-8"?>
<!-- Generated by org.testng.reporters.JUnitReportReporter -->
<testsuite hostname="admin-PC" name="practiceRestAssured.CreateComplexdata" tests="1" failures="0" timestamp="13 Jun 2020 03:25:34 GMT" time="2.621" errors="0">
  <testcase name="addComplexData" time="2.621" classname="practiceRestAssured.CreateComplexdata"/>
</testsuite> <!-- practiceRestAssured.CreateComplexdata -->
