<?xml version="1.0" encoding="UTF-8"?>
<!-- Generated by org.testng.reporters.JUnitReportReporter -->
<testsuite hostname="admin-PC" name="com.api.testscripts.FetchAllPosts" tests="1" failures="0" timestamp="24 Jun 2020 17:03:37 GMT" time="3.138" errors="0">
  <testcase name="checkFetchAllPosts" time="3.138" classname="com.api.testscripts.FetchAllPosts"/>
</testsuite> <!-- com.api.testscripts.FetchAllPosts -->
