<?xml version="1.0" encoding="UTF-8"?>
<!-- Generated by org.testng.reporters.JUnitReportReporter -->
<testsuite hostname="admin-PC" name="practiceRestAssured.AssertionHeadersByTestNG" tests="1" failures="0" timestamp="18 Jun 2020 20:47:55 GMT" time="2.973" errors="0">
  <testcase name="checkAssertion" time="2.973" classname="practiceRestAssured.AssertionHeadersByTestNG"/>
</testsuite> <!-- practiceRestAssured.AssertionHeadersByTestNG -->
