<?xml version="1.0" encoding="UTF-8"?>
<!-- Generated by org.testng.reporters.JUnitReportReporter -->
<testsuite hostname="admin-PC" name="practiceRestAssured.BasicChallenging_Authentication" tests="1" failures="0" timestamp="18 Jun 2020 20:58:25 GMT" time="3.676" errors="0">
  <testcase name="checkAuth" time="3.676" classname="practiceRestAssured.BasicChallenging_Authentication"/>
</testsuite> <!-- practiceRestAssured.BasicChallenging_Authentication -->
