<?xml version="1.0" encoding="UTF-8"?>
<!-- Generated by org.testng.reporters.JUnitReportReporter -->
<testsuite hostname="admin-PC" name="practiceRestAssured.FetchAllCapitals" tests="1" failures="0" timestamp="13 Jun 2020 05:14:35 GMT" time="6.398" errors="0">
  <testcase name="fetchAllCountry" time="6.398" classname="practiceRestAssured.FetchAllCapitals"/>
</testsuite> <!-- practiceRestAssured.FetchAllCapitals -->
