<?xml version="1.0" encoding="UTF-8"?>
<!-- Generated by org.testng.reporters.JUnitReportReporter -->
<testsuite hostname="admin-PC" name="practiceRestAssured.CheckJsonPath" tests="1" failures="0" timestamp="13 Jun 2020 04:38:49 GMT" time="3.318" errors="0">
  <testcase name="fetchParticularData" time="3.318" classname="practiceRestAssured.CheckJsonPath"/>
</testsuite> <!-- practiceRestAssured.CheckJsonPath -->
