<?xml version="1.0" encoding="UTF-8"?>
<!-- Generated by org.testng.reporters.JUnitReportReporter -->
<testsuite hostname="admin-PC" name="com.api.testscripts.FetchAllCountryTest" tests="1" failures="0" timestamp="24 Jun 2020 19:58:29 GMT" time="4.457" errors="0">
  <testcase name="checkAllCountries" time="4.457" classname="com.api.testscripts.FetchAllCountryTest"/>
</testsuite> <!-- com.api.testscripts.FetchAllCountryTest -->
