<?xml version="1.0" encoding="UTF-8"?>
<!-- Generated by org.testng.reporters.JUnitReportReporter -->
<testsuite hostname="admin-PC" name="practiceRestAssured.AddDataInPostApi" tests="1" failures="0" timestamp="13 Jun 2020 02:57:30 GMT" time="2.751" errors="0">
  <testcase name="createNewData" time="2.751" classname="practiceRestAssured.AddDataInPostApi"/>
</testsuite> <!-- practiceRestAssured.AddDataInPostApi -->
