<?xml version="1.0" encoding="UTF-8"?>
<!-- Generated by org.testng.reporters.JUnitReportReporter -->
<testsuite hostname="admin-PC" name="practiceRestAssured.FetchAllCountries" tests="1" failures="0" timestamp="13 Jun 2020 03:12:48 GMT" time="4.635" errors="0">
  <testcase name="fetchAllCountry" time="4.635" classname="practiceRestAssured.FetchAllCountries"/>
</testsuite> <!-- practiceRestAssured.FetchAllCountries -->
