<?xml version="1.0" encoding="UTF-8"?>
<!-- Generated by org.testng.reporters.JUnitReportReporter -->
<testsuite hostname="admin-PC" name="practiceRestAssured.BasicPreemptive_Authentication" tests="1" failures="0" timestamp="18 Jun 2020 20:56:37 GMT" time="4.755" errors="0">
  <testcase name="checkAuth" time="4.755" classname="practiceRestAssured.BasicPreemptive_Authentication"/>
</testsuite> <!-- practiceRestAssured.BasicPreemptive_Authentication -->
