<?xml version="1.0" encoding="UTF-8"?>
<!-- Generated by org.testng.reporters.JUnitReportReporter -->
<testsuite hostname="admin-PC" name="practiceRestAssured.FetchAllCurrencies" tests="1" failures="0" timestamp="13 Jun 2020 05:16:10 GMT" time="6.364" errors="0">
  <testcase name="fetchAllCountry" time="6.364" classname="practiceRestAssured.FetchAllCurrencies"/>
</testsuite> <!-- practiceRestAssured.FetchAllCurrencies -->
